[INFO] Scanning for projects...
[INFO] 
[INFO] -------------------< RyderOnLineROL:RyderOnLineROL >--------------------
[INFO] Building RyderOnline 0.0.1-SNAPSHOT
[INFO] --------------------------------[ jar ]---------------------------------
[INFO] 
[INFO] --- maven-clean-plugin:2.5:clean (default-clean) @ RyderOnLineROL ---
[INFO] Deleting D:\JDA_Project\target
[INFO] 
[INFO] --- maven-compiler-plugin:3.8.1:compile (default) @ RyderOnLineROL ---
[INFO] Changes detected - recompiling the module!
[INFO] Compiling 114 source files to D:\JDA_Project\target\classes
[INFO] /D:/JDA_Project/src/main/java/com/ryder/online/helper/Wait/WaitHelper.java: D:\JDA_Project\src\main\java\com\ryder\online\helper\Wait\WaitHelper.java uses or overrides a deprecated API.
[INFO] /D:/JDA_Project/src/main/java/com/ryder/online/helper/Wait/WaitHelper.java: Recompile with -Xlint:deprecation for details.
[INFO] 
[INFO] --- maven-resources-plugin:3.0.1:copy-resources (default) @ RyderOnLineROL ---
[INFO] Using 'UTF-8' encoding to copy filtered resources.
[INFO] Copying 31 resources
[INFO] 
[INFO] --- maven-resources-plugin:3.0.1:resources (default-resources) @ RyderOnLineROL ---
[INFO] Using 'UTF-8' encoding to copy filtered resources.
[INFO] Copying 31 resources
[INFO] 
[INFO] --- maven-compiler-plugin:3.8.1:compile (default-compile) @ RyderOnLineROL ---
[INFO] Changes detected - recompiling the module!
[INFO] Compiling 114 source files to D:\JDA_Project\target\classes
[INFO] /D:/JDA_Project/src/main/java/com/ryder/online/helper/Wait/WaitHelper.java: D:\JDA_Project\src\main\java\com\ryder\online\helper\Wait\WaitHelper.java uses or overrides a deprecated API.
[INFO] /D:/JDA_Project/src/main/java/com/ryder/online/helper/Wait/WaitHelper.java: Recompile with -Xlint:deprecation for details.
[INFO] 
[INFO] --- maven-resources-plugin:3.0.1:testResources (default-testResources) @ RyderOnLineROL ---
[INFO] Using 'UTF-8' encoding to copy filtered resources.
[INFO] Copying 22 resources
[INFO] 
[INFO] --- maven-compiler-plugin:3.8.1:testCompile (default-testCompile) @ RyderOnLineROL ---
[INFO] Changes detected - recompiling the module!
[INFO] Compiling 28 source files to D:\JDA_Project\target\test-classes
[INFO] /D:/JDA_Project/src/test/java/com/ryder/online/test/stepdefinition/RCTLightsOut.java: D:\JDA_Project\src\test\java\com\ryder\online\test\stepdefinition\RCTLightsOut.java uses unchecked or unsafe operations.
[INFO] /D:/JDA_Project/src/test/java/com/ryder/online/test/stepdefinition/RCTLightsOut.java: Recompile with -Xlint:unchecked for details.
[INFO] 
[INFO] --- maven-surefire-plugin:3.0.0-M2:test (default-test) @ RyderOnLineROL ---
[INFO] 
[INFO] -------------------------------------------------------
[INFO]  T E S T S
[INFO] -------------------------------------------------------
[WARNING] Corrupted STDOUT by directly writing to native stream in forked JVM 1. See FAQ web page and the dump file D:\JDA_Project\target\surefire-reports\2020-06-30T11-26-58_428-jvmRun1.dumpstream
[INFO] 
[INFO] Results:
[INFO] 
[INFO] Tests run: 0, Failures: 0, Errors: 0, Skipped: 0
[INFO] 
[ERROR] There are test failures.

Please refer to D:\JDA_Project\target\surefire-reports for the individual test results.
Please refer to dump files (if any exist) [date].dump, [date]-jvmRun[N].dump and [date].dumpstream.
The forked VM terminated without properly saying goodbye. VM crash or System.exit called?
Command was cmd.exe /X /C ""C:\Program Files\Java\jdk1.8.0_251\jre\bin\java" -javaagent:C:\Users\Balaji SIngh\.m2\repository/org/aspectj/aspectjweaver/1.7.4/aspectjweaver-1.7.4.jar -jar "C:\Users\Balaji SIngh\AppData\Local\Temp\surefire3543847402622684902\surefirebooter8389387050203385654.jar" "C:\Users\Balaji SIngh\AppData\Local\Temp\surefire3543847402622684902" 2020-06-30T11-26-58_428-jvmRun1 surefire8288780345086094855tmp surefire_01435198250597839136tmp"
Error occurred in starting fork, check output in log
Process Exit Code: 1
org.apache.maven.surefire.booter.SurefireBooterForkException: The forked VM terminated without properly saying goodbye. VM crash or System.exit called?
Command was cmd.exe /X /C ""C:\Program Files\Java\jdk1.8.0_251\jre\bin\java" -javaagent:C:\Users\Balaji SIngh\.m2\repository/org/aspectj/aspectjweaver/1.7.4/aspectjweaver-1.7.4.jar -jar "C:\Users\Balaji SIngh\AppData\Local\Temp\surefire3543847402622684902\surefirebooter8389387050203385654.jar" "C:\Users\Balaji SIngh\AppData\Local\Temp\surefire3543847402622684902" 2020-06-30T11-26-58_428-jvmRun1 surefire8288780345086094855tmp surefire_01435198250597839136tmp"
Error occurred in starting fork, check output in log
Process Exit Code: 1
	at org.apache.maven.plugin.surefire.booterclient.ForkStarter.fork(ForkStarter.java:670)
	at org.apache.maven.plugin.surefire.booterclient.ForkStarter.run(ForkStarter.java:283)
	at org.apache.maven.plugin.surefire.booterclient.ForkStarter.run(ForkStarter.java:246)
	at org.apache.maven.plugin.surefire.AbstractSurefireMojo.executeProvider(AbstractSurefireMojo.java:1159)
	at org.apache.maven.plugin.surefire.AbstractSurefireMojo.executeAfterPreconditionsChecked(AbstractSurefireMojo.java:1000)
	at org.apache.maven.plugin.surefire.AbstractSurefireMojo.execute(AbstractSurefireMojo.java:846)
	at org.apache.maven.plugin.DefaultBuildPluginManager.executeMojo(DefaultBuildPluginManager.java:137)
	at org.apache.maven.lifecycle.internal.MojoExecutor.execute(MojoExecutor.java:210)
	at org.apache.maven.lifecycle.internal.MojoExecutor.execute(MojoExecutor.java:156)
	at org.apache.maven.lifecycle.internal.MojoExecutor.execute(MojoExecutor.java:148)
	at org.apache.maven.lifecycle.internal.LifecycleModuleBuilder.buildProject(LifecycleModuleBuilder.java:117)
	at org.apache.maven.lifecycle.internal.LifecycleModuleBuilder.buildProject(LifecycleModuleBuilder.java:81)
	at org.apache.maven.lifecycle.internal.builder.singlethreaded.SingleThreadedBuilder.build(SingleThreadedBuilder.java:56)
	at org.apache.maven.lifecycle.internal.LifecycleStarter.execute(LifecycleStarter.java:128)
	at org.apache.maven.DefaultMaven.doExecute(DefaultMaven.java:305)
	at org.apache.maven.DefaultMaven.doExecute(DefaultMaven.java:192)
	at org.apache.maven.DefaultMaven.execute(DefaultMaven.java:105)
	at org.apache.maven.cli.MavenCli.execute(MavenCli.java:957)
	at org.apache.maven.cli.MavenCli.doMain(MavenCli.java:289)
	at org.apache.maven.cli.MavenCli.main(MavenCli.java:193)
	at sun.reflect.NativeMethodAccessorImpl.invoke0(Native Method)
	at sun.reflect.NativeMethodAccessorImpl.invoke(NativeMethodAccessorImpl.java:62)
	at sun.reflect.DelegatingMethodAccessorImpl.invoke(DelegatingMethodAccessorImpl.java:43)
	at java.lang.reflect.Method.invoke(Method.java:498)
	at org.codehaus.plexus.classworlds.launcher.Launcher.launchEnhanced(Launcher.java:282)
	at org.codehaus.plexus.classworlds.launcher.Launcher.launch(Launcher.java:225)
	at org.codehaus.plexus.classworlds.launcher.Launcher.mainWithExitCode(Launcher.java:406)
	at org.codehaus.plexus.classworlds.launcher.Launcher.main(Launcher.java:347)

[INFO] 
[INFO] --- maven-jar-plugin:2.4:jar (default-jar) @ RyderOnLineROL ---
[INFO] Building jar: D:\JDA_Project\target\RyderOnLineROL-0.0.1-SNAPSHOT.jar
[INFO] 
[INFO] --- maven-install-plugin:2.4:install (default-install) @ RyderOnLineROL ---
[INFO] Installing D:\JDA_Project\target\RyderOnLineROL-0.0.1-SNAPSHOT.jar to C:\Users\Balaji SIngh\.m2\repository\RyderOnLineROL\RyderOnLineROL\0.0.1-SNAPSHOT\RyderOnLineROL-0.0.1-SNAPSHOT.jar
[INFO] Installing D:\JDA_Project\pom.xml to C:\Users\Balaji SIngh\.m2\repository\RyderOnLineROL\RyderOnLineROL\0.0.1-SNAPSHOT\RyderOnLineROL-0.0.1-SNAPSHOT.pom
[INFO] ------------------------------------------------------------------------
[INFO] BUILD SUCCESS
[INFO] ------------------------------------------------------------------------
[INFO] Total time:  9.520 s
[INFO] Finished at: 2020-06-30T11:27:01+05:30
[INFO] ------------------------------------------------------------------------
