-------------------------------------------------------------------------------
Test set: TestSuite
-------------------------------------------------------------------------------
Tests run: 1, Failures: 1, Errors: 0, Skipped: 0, Time elapsed: 1.833 s <<< FAILURE! - in TestSuite
runScenario(com.ryder.online.test.runner.ROLTestRunner)  Time elapsed: 0.039 s  <<< FAILURE!
cucumber.runtime.CucumberException: java.net.URISyntaxException: Illegal character in path at index 21: file:/C:/Users/Balaji SIngh/.m2/repository/io/cucumber/cucumber-java/4.2.1/cucumber-java-4.2.1.jar
Caused by: java.net.URISyntaxException: Illegal character in path at index 21: file:/C:/Users/Balaji SIngh/.m2/repository/io/cucumber/cucumber-java/4.2.1/cucumber-java-4.2.1.jar

